build/platforms/android/build/outputs/mapping/release/seeds.txt
com.pungame.pungame.MainActivity
com.pungame.pungame.MainActivity: MainActivity()
...
kotlinx.coroutines.scheduling.WorkQueue: int blockingTasksInBuffer
kotlinx.coroutines.CancellableContinuationImpl: java.lang.Object _state
kotlinx.coroutines.EventLoopImplBase: java.lang.Object _queue
kotlinx.coroutines.internal.LockFreeTaskQueue: java.lang.Object _cur
kotlinx.coroutines.scheduling.CoroutineScheduler: long parkedWorkersStack
kotlin.coroutines.AbstractCoroutineContextElement: kotlin.coroutines.CoroutineContext$Key key
kotlinx.coroutines.scheduling.CoroutineScheduler: int _isTerminated
kotlinx.coroutines.EventLoopImplBase: java.lang.Object _delayed
kotlinx.coroutines.scheduling.CoroutineScheduler$Worker: java.lang.Object nextParkedWorker
kotlinx.coroutines.internal.ThreadSafeHeap: int _size
kotlinx.coroutines.internal.LockFreeTaskQueueCore: java.lang.Object _next
kotlinx.coroutines.scheduling.WorkQueue: int producerIndex
kotlinx.coroutines.CompletedExceptionally: int _handled
kotlinx.coroutines.JobSupport$Finishing: int _isCompleting
kotlinx.coroutines.scheduling.CoroutineScheduler$Worker: int indexInArray
kotlinx.coroutines.internal.LockFreeLinkedListNode: java.lang.Object _removedRef
kotlinx.coroutines.internal.LockFreeTaskQueueCore: long _state
kotlinx.coroutines.JobSupport: java.lang.Object _parentHandle
androidx.appcompat.widget.Toolbar$SavedState: android.os.Parcelable$Creator CREATOR
kotlinx.coroutines.internal.DispatchedContinuation: java.lang.Object _reusableCancellableContinuation
kotlinx.coroutines.InvokeOnCancelling: int _invoked
kotlinx.coroutines.scheduling.CoroutineScheduler: long controlState
kotlinx.coroutines.internal.LockFreeLinkedListNode: java.lang.Object _prev
androidx.versionedparcelable.ParcelImpl: android.os.Parcelable$Creator CREATOR
kotlinx.coroutines.JobSupport$Finishing: java.lang.Object _exceptionsHolder
androidx.appcompat.widget.AppCompatAutoCompleteTextView: android.graphics.PorterDuff$Mode getSupportBackgroundTintMode()
androidx.appcompat.widget.AppCompatAutoCompleteTextView: android.content.res.ColorStateList getSupportBackgroundTintList()
com.soywiz.korag.AG$BlendFactor: com.soywiz.korag.AG$BlendFactor[] values()
androidx.appcompat.widget.Toolbar: int getCurrentContentInsetRight()
androidx.appcompat.widget.AbsActionBarView: int getAnimatedVisibility()
com.soywiz.korag.AG$BlendFactor: com.soywiz.korag.AG$BlendFactor valueOf(java.lang.String)
androidx.appcompat.widget.LinearLayoutCompat: int getDividerWidth()
com.soywiz.korma.geom.vector.LineJoin: com.soywiz.korma.geom.vector.LineJoin[] values()
com.soywiz.korag.shader.VarType: com.soywiz.korag.shader.VarType valueOf(java.lang.String)
androidx.appcompat.widget.Toolbar: void setTitleTextColor(int)
androidx.vectordrawable.graphics.drawable.VectorDrawableCompat$VPath: void setPathData(androidx.core.graphics.PathParser$PathDataNode[])
androidx.appcompat.widget.ActionBarOverlayLayout: void setActionBarHideOffset(int)
com.soywiz.korgw.GameWindow$Cursor: com.soywiz.korgw.GameWindow$Cursor valueOf(java.lang.String)
com.soywiz.korev.Touch$Status: com.soywiz.korev.Touch$Status[] values()
androidx.appcompat.widget.DialogTitle: DialogTitle(android.content.Context,android.util.AttributeSet)
com.soywiz.korag.AG$StencilOp: com.soywiz.korag.AG$StencilOp[] values()
androidx.appcompat.widget.ActionMenuView: ActionMenuView(android.content.Context,android.util.AttributeSet)
androidx.appcompat.widget.ViewStubCompat: int getLayoutResource()
com.soywiz.korag.AG$BlendEquation: com.soywiz.korag.AG$BlendEquation valueOf(java.lang.String)
androidx.appcompat.widget.Toolbar: int getContentInsetRight()
androidx.appcompat.widget.SearchView: int getPreferredWidth()
androidx.appcompat.widget.ActionBarOverlayLayout: int getNestedScrollAxes()
androidx.appcompat.widget.ActionBarContainer: ActionBarContainer(android.content.Context,android.util.AttributeSet)
kotlinx.coroutines.scheduling.CoroutineScheduler$WorkerState: kotlinx.coroutines.scheduling.CoroutineScheduler$WorkerState[] values()