build/platforms/android/build/outputs/mapping/release/usage.txt
com.pungame.pungame.BuildConfig
com.pungame.pungame.MainActivity:
    public void _$_clearFindViewByIdCache()
    public android.view.View _$_findCachedViewById(int)
com.pungame.pungame.R$anim
com.pungame.pungame.R$attr
com.pungame.pungame.R$bool
com.pungame.pungame.R$color
com.pungame.pungame.R$dimen
com.pungame.pungame.R$drawable
com.pungame.pungame.R$id
com.pungame.pungame.R$integer
com.pungame.pungame.R$layout
com.pungame.pungame.R$mipmap
com.pungame.pungame.R$string
com.pungame.pungame.R$style
com.pungame.pungame.R$styleable
com.pungame.pungame.R
...
com.soywiz.korge.time.TimerComponents
com.soywiz.korge.time.TimerComponentsKt
com.soywiz.korge.time.TimerRef
com.soywiz.korge.tween.TweenComponent:
    public synthetic void <init>(com.soywiz.korge.baseview.BaseView,java.util.List,double,com.soywiz.korma.interpolation.Easing,kotlin.jvm.functions.Function1,kotlinx.coroutines.CancellableContinuation,double,int,kotlin.jvm.internal.DefaultConstructorMarker)
    public final kotlinx.coroutines.CancellableContinuation getC()
    public final kotlin.jvm.functions.Function1 getCallback()
    public final boolean getCancelled()
    public final boolean getDone()
    public final boolean getResumed()
    public final void setDone(boolean)
    public final void setResumed(boolean)
com.soywiz.korge.tween.TweenKt$tween$4
com.soywiz.korge.tween.TweenKt$tween$5
com.soywiz.korge.tween.TweenKt$tweenAsync$2
com.soywiz.korge.tween.TweenKt$tweenAsync$3
com.soywiz.korge.tween.TweenKt$tweenAsync$4
com.soywiz.korge.tween.TweenKt$tweenAsync$5
com.soywiz.korge.tween.TweenKt$tweenNoWait$1
com.soywiz.korge.tween.TweenKt:
    public static synthetic void getDEFAULT_EASING$annotations()
    public static synthetic void getDEFAULT_TIME$annotations()
    public static final java.lang.Object tween-Ehq1z2s(com.soywiz.korge.view.QView,com.soywiz.korge.tween.V2[],double,com.soywiz.korma.interpolation.Easing,double,kotlin.jvm.functions.Function1,kotlin.coroutines.Continuation)
    public static synthetic java.lang.Object tween-Ehq1z2s$default(com.soywiz.korge.view.QView,com.soywiz.korge.tween.V2[],double,com.soywiz.korma.interpolation.Easing,double,kotlin.jvm.functions.Function1,kotlin.coroutines.Continuation,int,java.lang.Object)
    public static final kotlinx.coroutines.Deferred tweenAsync-4iApaN4(com.soywiz.korge.baseview.BaseView,com.soywiz.korge.tween.V2[],kotlin.coroutines.CoroutineContext,double,com.soywiz.korma.interpolation.Easing,double,kotlin.jvm.functions.Function1)
    public static synthetic kotlinx.coroutines.Deferred tweenAsync-4iApaN4$default(com.soywiz.korge.baseview.BaseView,com.soywiz.korge.tween.V2[],kotlin.coroutines.CoroutineContext,double,com.soywiz.korma.interpolation.Easing,double,kotlin.jvm.functions.Function1,int,java.lang.Object)
    public static final java.lang.Object tweenAsync-Ehq1z2s(com.soywiz.korge.baseview.BaseView,com.soywiz.korge.tween.V2[],double,com.soywiz.korma.interpolation.Easing,double,kotlin.jvm.functions.Function1,kotlin.coroutines.Continuation)
com.soywiz.korge.tween.TweenbaseKt$denormalized$1
com.soywiz.korge.tween.TweenbaseKt$easing$1
com.soywiz.korge.tween.TweenbaseKt$get$10
com.soywiz.korge.tween.TweenbaseKt$get$11
com.soywiz.korge.tween.TweenbaseKt$get$12
com.soywiz.korge.tween.TweenbaseKt$get$13
com.soywiz.korge.tween.TweenbaseKt$get$14
com.soywiz.korge.tween.TweenbaseKt$get$1
com.soywiz.korge.tween.TweenbaseKt$get$2
com.soywiz.korge.tween.TweenbaseKt$get$3
com.soywiz.korge.tween.TweenbaseKt$get$4
com.soywiz.korge.tween.TweenbaseKt$get$5
com.soywiz.korge.tween.TweenbaseKt$get$7
com.soywiz.korge.tween.TweenbaseKt$get$8
com.soywiz.korge.tween.TweenbaseKt$get$9